receiving incremental file list

sent 20 bytes  received 56 bytes  50.67 bytes/sec
total size is 0  speedup is 0.00
['Conneticut_SP.zip', 'NewJersey.zip']
/home/sumit/Desktop/Popgen-webapp-inbound/Conneticut_SP.zip
receiving incremental file list

sent 20 bytes  received 56 bytes  50.67 bytes/sec
total size is 0  speedup is 0.00
['Conneticut_SP.zip', 'NewJersey.zip']
/home/sumit/Desktop/Popgen-webapp-inbound/Conneticut_SP.zip
receiving incremental file list

sent 20 bytes  received 56 bytes  50.67 bytes/sec
total size is 0  speedup is 0.00
['Conneticut_SP.zip', 'NewJersey.zip']
/home/sumit/Desktop/Popgen-webapp-inbound/Conneticut_SP.zip
receiving incremental file list

sent 20 bytes  received 56 bytes  50.67 bytes/sec
total size is 0  speedup is 0.00
['Conneticut_SP.zip', 'NewJersey.zip']
/home/sumit/Desktop/Popgen-webapp-inbound/Conneticut_SP.zip
receiving incremental file list

sent 20 bytes  received 56 bytes  50.67 bytes/sec
total size is 0  speedup is 0.00
['Conneticut_SP.zip', 'NewJersey.zip']
/home/sumit/Desktop/Popgen-webapp-inbound/Conneticut_SP.zip
receiving incremental file list

sent 20 bytes  received 56 bytes  50.67 bytes/sec
total size is 0  speedup is 0.00
['Conneticut_SP.zip', 'NewJersey.zip']
/home/sumit/Desktop/Popgen-webapp-inbound/Conneticut_SP.zip
receiving incremental file list

sent 20 bytes  received 56 bytes  50.67 bytes/sec
total size is 0  speedup is 0.00
['Conneticut_SP.zip', 'NewJersey.zip']
/home/sumit/Desktop/Popgen-webapp-inbound/Conneticut_SP.zip
receiving incremental file list

sent 20 bytes  received 56 bytes  50.67 bytes/sec
total size is 0  speedup is 0.00
['Conneticut_SP.zip', 'NewJersey.zip']
/home/sumit/Desktop/Popgen-webapp-inbound/Conneticut_SP.zip
/home/sumit/Desktop/Popgen-webapp-inbound/NewJersey.zip
receiving incremental file list
./

sent 27 bytes  received 59 bytes  57.33 bytes/sec
total size is 0  speedup is 0.00
[]
receiving incremental file list

sent 20 bytes  received 56 bytes  50.67 bytes/sec
total size is 0  speedup is 0.00
[]
receiving incremental file list

sent 20 bytes  received 56 bytes  50.67 bytes/sec
total size is 0  speedup is 0.00
[]
receiving incremental file list

sent 20 bytes  received 56 bytes  50.67 bytes/sec
total size is 0  speedup is 0.00
[]
receiving incremental file list

sent 20 bytes  received 56 bytes  50.67 bytes/sec
total size is 0  speedup is 0.00
[]
receiving incremental file list

sent 20 bytes  received 56 bytes  50.67 bytes/sec
total size is 0  speedup is 0.00
[]
receiving incremental file list

sent 20 bytes  received 56 bytes  50.67 bytes/sec
total size is 0  speedup is 0.00
[]
receiving incremental file list

sent 20 bytes  received 56 bytes  50.67 bytes/sec
total size is 0  speedup is 0.00
[]
receiving incremental file list

sent 20 bytes  received 56 bytes  50.67 bytes/sec
total size is 0  speedup is 0.00
[]
receiving incremental file list

sent 20 bytes  received 56 bytes  50.67 bytes/sec
total size is 0  speedup is 0.00
[]
receiving incremental file list

sent 20 bytes  received 56 bytes  50.67 bytes/sec
total size is 0  speedup is 0.00
[]
receiving incremental file list

sent 20 bytes  received 56 bytes  50.67 bytes/sec
total size is 0  speedup is 0.00
[]
receiving incremental file list

sent 20 bytes  received 56 bytes  50.67 bytes/sec
total size is 0  speedup is 0.00
[]
receiving incremental file list

sent 20 bytes  received 56 bytes  50.67 bytes/sec
total size is 0  speedup is 0.00
[]
receiving incremental file list

sent 20 bytes  received 56 bytes  50.67 bytes/sec
total size is 0  speedup is 0.00
[]
receiving incremental file list

sent 20 bytes  received 56 bytes  50.67 bytes/sec
total size is 0  speedup is 0.00
[]
receiving incremental file list

sent 20 bytes  received 56 bytes  50.67 bytes/sec
total size is 0  speedup is 0.00
[]
receiving incremental file list

sent 20 bytes  received 56 bytes  50.67 bytes/sec
total size is 0  speedup is 0.00
[]
receiving incremental file list

sent 20 bytes  received 56 bytes  30.40 bytes/sec
total size is 0  speedup is 0.00
[]
receiving incremental file list

sent 20 bytes  received 56 bytes  50.67 bytes/sec
total size is 0  speedup is 0.00
[]
receiving incremental file list

sent 20 bytes  received 56 bytes  50.67 bytes/sec
total size is 0  speedup is 0.00
[]
receiving incremental file list

sent 20 bytes  received 56 bytes  50.67 bytes/sec
total size is 0  speedup is 0.00
[]
receiving incremental file list

sent 20 bytes  received 56 bytes  50.67 bytes/sec
total size is 0  speedup is 0.00
[]
receiving incremental file list

sent 20 bytes  received 56 bytes  50.67 bytes/sec
total size is 0  speedup is 0.00
[]
receiving incremental file list

sent 20 bytes  received 56 bytes  50.67 bytes/sec
total size is 0  speedup is 0.00
[]
receiving incremental file list

sent 20 bytes  received 56 bytes  50.67 bytes/sec
total size is 0  speedup is 0.00
[]
receiving incremental file list

sent 20 bytes  received 56 bytes  50.67 bytes/sec
total size is 0  speedup is 0.00
[]
receiving incremental file list

sent 20 bytes  received 56 bytes  50.67 bytes/sec
total size is 0  speedup is 0.00
[]
receiving incremental file list

sent 20 bytes  received 56 bytes  50.67 bytes/sec
total size is 0  speedup is 0.00
[]
receiving incremental file list

sent 20 bytes  received 56 bytes  50.67 bytes/sec
total size is 0  speedup is 0.00
[]
receiving incremental file list

sent 20 bytes  received 56 bytes  50.67 bytes/sec
total size is 0  speedup is 0.00
[]
receiving incremental file list

sent 20 bytes  received 56 bytes  50.67 bytes/sec
total size is 0  speedup is 0.00
[]
receiving incremental file list

sent 20 bytes  received 56 bytes  50.67 bytes/sec
total size is 0  speedup is 0.00
[]
receiving incremental file list

sent 20 bytes  received 56 bytes  50.67 bytes/sec
total size is 0  speedup is 0.00
[]
receiving incremental file list

sent 20 bytes  received 56 bytes  50.67 bytes/sec
total size is 0  speedup is 0.00
[]
receiving incremental file list

sent 20 bytes  received 56 bytes  50.67 bytes/sec
total size is 0  speedup is 0.00
[]
receiving incremental file list

sent 20 bytes  received 56 bytes  50.67 bytes/sec
total size is 0  speedup is 0.00
[]
receiving incremental file list

sent 20 bytes  received 56 bytes  50.67 bytes/sec
total size is 0  speedup is 0.00
[]
receiving incremental file list

sent 20 bytes  received 56 bytes  50.67 bytes/sec
total size is 0  speedup is 0.00
[]
receiving incremental file list

sent 20 bytes  received 56 bytes  50.67 bytes/sec
total size is 0  speedup is 0.00
[]
receiving incremental file list

sent 20 bytes  received 56 bytes  50.67 bytes/sec
total size is 0  speedup is 0.00
[]
receiving incremental file list

sent 20 bytes  received 56 bytes  50.67 bytes/sec
total size is 0  speedup is 0.00
[]
receiving incremental file list

sent 20 bytes  received 56 bytes  50.67 bytes/sec
total size is 0  speedup is 0.00
[]
receiving incremental file list

sent 20 bytes  received 56 bytes  50.67 bytes/sec
total size is 0  speedup is 0.00
[]
receiving incremental file list

sent 20 bytes  received 56 bytes  50.67 bytes/sec
total size is 0  speedup is 0.00
[]
receiving incremental file list

sent 20 bytes  received 56 bytes  50.67 bytes/sec
total size is 0  speedup is 0.00
[]
receiving incremental file list

sent 20 bytes  received 56 bytes  30.40 bytes/sec
total size is 0  speedup is 0.00
[]
receiving incremental file list

sent 20 bytes  received 56 bytes  50.67 bytes/sec
total size is 0  speedup is 0.00
[]
receiving incremental file list

sent 20 bytes  received 56 bytes  50.67 bytes/sec
total size is 0  speedup is 0.00
[]
receiving incremental file list

sent 20 bytes  received 56 bytes  30.40 bytes/sec
total size is 0  speedup is 0.00
[]
receiving incremental file list

sent 20 bytes  received 56 bytes  50.67 bytes/sec
total size is 0  speedup is 0.00
[]
receiving incremental file list

sent 20 bytes  received 56 bytes  50.67 bytes/sec
total size is 0  speedup is 0.00
[]
receiving incremental file list

sent 20 bytes  received 56 bytes  50.67 bytes/sec
total size is 0  speedup is 0.00
[]
receiving incremental file list

sent 20 bytes  received 56 bytes  50.67 bytes/sec
total size is 0  speedup is 0.00
[]
receiving incremental file list

sent 20 bytes  received 56 bytes  50.67 bytes/sec
total size is 0  speedup is 0.00
[]
receiving incremental file list

sent 20 bytes  received 56 bytes  50.67 bytes/sec
total size is 0  speedup is 0.00
[]
receiving incremental file list

sent 20 bytes  received 56 bytes  50.67 bytes/sec
total size is 0  speedup is 0.00
[]
receiving incremental file list

sent 20 bytes  received 56 bytes  50.67 bytes/sec
total size is 0  speedup is 0.00
[]
receiving incremental file list

sent 20 bytes  received 56 bytes  50.67 bytes/sec
total size is 0  speedup is 0.00
[]
receiving incremental file list

sent 20 bytes  received 56 bytes  50.67 bytes/sec
total size is 0  speedup is 0.00
[]
receiving incremental file list

sent 20 bytes  received 56 bytes  50.67 bytes/sec
total size is 0  speedup is 0.00
[]
receiving incremental file list

sent 20 bytes  received 56 bytes  50.67 bytes/sec
total size is 0  speedup is 0.00
[]
receiving incremental file list

sent 20 bytes  received 56 bytes  50.67 bytes/sec
total size is 0  speedup is 0.00
[]
receiving incremental file list

sent 20 bytes  received 56 bytes  30.40 bytes/sec
total size is 0  speedup is 0.00
[]
receiving incremental file list

sent 20 bytes  received 56 bytes  50.67 bytes/sec
total size is 0  speedup is 0.00
[]
receiving incremental file list

sent 20 bytes  received 56 bytes  50.67 bytes/sec
total size is 0  speedup is 0.00
[]
receiving incremental file list

sent 20 bytes  received 56 bytes  30.40 bytes/sec
total size is 0  speedup is 0.00
[]
receiving incremental file list

sent 20 bytes  received 56 bytes  50.67 bytes/sec
total size is 0  speedup is 0.00
[]
receiving incremental file list

sent 20 bytes  received 56 bytes  50.67 bytes/sec
total size is 0  speedup is 0.00
[]
receiving incremental file list

sent 20 bytes  received 56 bytes  30.40 bytes/sec
total size is 0  speedup is 0.00
[]
receiving incremental file list

sent 20 bytes  received 56 bytes  50.67 bytes/sec
total size is 0  speedup is 0.00
[]
receiving incremental file list

sent 20 bytes  received 56 bytes  50.67 bytes/sec
total size is 0  speedup is 0.00
[]
receiving incremental file list

sent 20 bytes  received 56 bytes  50.67 bytes/sec
total size is 0  speedup is 0.00
[]
receiving incremental file list

sent 20 bytes  received 56 bytes  50.67 bytes/sec
total size is 0  speedup is 0.00
[]
receiving incremental file list

sent 20 bytes  received 56 bytes  50.67 bytes/sec
total size is 0  speedup is 0.00
[]
receiving incremental file list

sent 20 bytes  received 56 bytes  50.67 bytes/sec
total size is 0  speedup is 0.00
[]
receiving incremental file list

sent 20 bytes  received 56 bytes  50.67 bytes/sec
total size is 0  speedup is 0.00
[]
receiving incremental file list

sent 20 bytes  received 56 bytes  50.67 bytes/sec
total size is 0  speedup is 0.00
[]
receiving incremental file list

sent 20 bytes  received 56 bytes  50.67 bytes/sec
total size is 0  speedup is 0.00
[]
receiving incremental file list

sent 20 bytes  received 56 bytes  50.67 bytes/sec
total size is 0  speedup is 0.00
[]
receiving incremental file list

sent 20 bytes  received 56 bytes  30.40 bytes/sec
total size is 0  speedup is 0.00
[]
